 7756476997639056566 = strhash ("hashfn")
                  48 = strhash ("0")
                  57 = strhash ("9")
                  65 = strhash ("A")
                  90 = strhash ("Z")
                  97 = strhash ("a")
                 122 = strhash ("z")
        438936619302 = strhash ("foo")
        421722785715 = strhash ("bar")
        421722785723 = strhash ("baz")
        486272529716 = strhash ("qux")
   31898991676643207 = strhash ("quux")
 8059874666938206708 = strhash ("quuux")
17586379889962775239 = strhash ("quuuux")
 8006775946444193460 = strhash ("quuuuux")
 2351300060583423495 = strhash ("quuuuuux")
 9705473926436590452 = strhash ("quuuuuuux")
16905884376141941063 = strhash ("quuuuuuuux")
 9302223190657992756 = strhash ("quuuuuuuuux")
16691869735408698503 = strhash ("quuuuuuuuuux")
 8128045823648079092 = strhash ("quuuuuuuuuuux")
 6987278989460250567 = strhash ("quuuuuuuuuuuux")
12264430141747745204 = strhash ("quuuuuuuuuuuuux")
16503581815662811911 = strhash ("quuuuuuuuuuuuuux")
 7287865400257976586 = strhash ("Makefile")
        352869156898 = strhash ("RCS")
 7756476997639056566 = strhash ("hashfn")
  235110086206995819 = strhash ("hashfn.c")
 7721621804900060982 = strhash ("hashfn.out")
 7680267118805889189 = strhash ("pspell.perl")
          4294967295 = 0xFFFFFFFFLU
18446744073709551615 = 0xFFFFFFFFFFFFFFFFLU
